Build started 7/16/2014 3:42:34 PM.
     1>Project "D:\v-zeshan\tinyrpc\TinyRPC\TinyRPC.vcxproj" on node 2 (Build target(s)).
     1>PrepareForBuild:
         Creating directory "D:\v-zeshan\tinyrpc\Debug\".
       InitializeBuildStatus:
         Touching "Debug\TinyRPC.unsuccessfulbuild".
       ClCompile:
         C:\Program Files (x86)\Microsoft Visual Studio 11.0\VC\bin\CL.exe /c /ID:\chhong\boost /ZI /nologo /W3 /WX- /sdl /Od /Oy- /D WIN32 /D _DEBUG /D _CONSOLE /D _UNICODE /D UNICODE /Gm /EHsc /RTC1 /MDd /GS /fp:precise /Zc:wchar_t /Zc:forScope /Fo"Debug\\" /Fd"Debug\vc110.pdb" /Gd /TP /analyze- /errorReport:prompt test.cpp
         test.cpp
         Please define _WIN32_WINNT or _WIN32_WINDOWS appropriately. For example:
         - add -D_WIN32_WINNT=0x0501 to the compiler command line; or
         - add _WIN32_WINNT=0x0501 to your project's Preprocessor Definitions.
         Assuming _WIN32_WINNT=0x0501 (i.e. Windows XP target).
     1>d:\v-zeshan\tinyrpc\tinyrpc\commasio.h(178): warning C4101: 'e' : unreferenced local variable
     1>d:\chhong\boost\boost\asio\detail\consuming_buffers.hpp(163): error C2039: 'const_iterator' : is not a member of 'boost::asio::const_buffer'
                 d:\chhong\boost\boost\asio\buffer.hpp(213) : see declaration of 'boost::asio::const_buffer'
                 d:\chhong\boost\boost\asio\impl\write.hpp(199) : see reference to class template instantiation 'boost::asio::detail::consuming_buffers<Buffer,Buffers>' being compiled
                 with
                 [
                     Buffer=boost::asio::const_buffer,
                     Buffers=boost::asio::const_buffer
                 ]
                 d:\chhong\boost\boost\asio\impl\write.hpp(622) : see reference to class template instantiation 'boost::asio::detail::write_op<AsyncWriteStream,ConstBufferSequence,CompletionCondition,WriteHandler>' being compiled
                 with
                 [
                     AsyncWriteStream=TinyRPC::asioSocket,
                     ConstBufferSequence=boost::asio::const_buffer,
                     CompletionCondition=boost::asio::detail::transfer_all_t,
                     WriteHandler=TinyRPC::TinyCommAsio::sending_thread_func::<lambda_0687166c2f0eceee6955e3d9e55b446d>
                 ]
                 d:\v-zeshan\tinyrpc\tinyrpc\commasio.h(144) : see reference to function template instantiation 'boost::asio::async_result<Handler>::type boost::asio::async_write<TinyRPC::asioSocket,boost::asio::const_buffer,TinyRPC::TinyCommAsio::sending_thread_func::<lambda_0687166c2f0eceee6955e3d9e55b446d>>(AsyncWriteStream &,const ConstBufferSequence &,const WriteHandler &)' being compiled
                 with
                 [
                     Handler=TinyRPC::TinyCommAsio::sending_thread_func::<lambda_0687166c2f0eceee6955e3d9e55b446d>,
                     AsyncWriteStream=TinyRPC::asioSocket,
                     ConstBufferSequence=boost::asio::const_buffer,
                     WriteHandler=TinyRPC::TinyCommAsio::sending_thread_func::<lambda_0687166c2f0eceee6955e3d9e55b446d>
                 ]
     1>d:\chhong\boost\boost\asio\detail\consuming_buffers.hpp(163): error C2146: syntax error : missing ',' before identifier 'const_iterator'
     1>d:\chhong\boost\boost\asio\detail\consuming_buffers.hpp(163): error C2065: 'const_iterator' : undeclared identifier
     1>d:\chhong\boost\boost\asio\detail\consuming_buffers.hpp(261): error C2039: 'const_iterator' : is not a member of 'boost::asio::const_buffer'
                 d:\chhong\boost\boost\asio\buffer.hpp(213) : see declaration of 'boost::asio::const_buffer'
     1>d:\chhong\boost\boost\asio\basic_stream_socket.hpp(842): error C2338: ReadHandler type requirements not met
                 d:\v-zeshan\tinyrpc\tinyrpc\commasio.h(174) : see reference to function template instantiation 'boost::asio::async_result<Handler>::type boost::asio::basic_stream_socket<Protocol>::async_read_some<boost::asio::mutable_buffers_1,TinyRPC::TinyCommAsio::accepting_thread_func::<lambda_3ac48bf0c1e38ca4cc190b6e92fed138>>(const MutableBufferSequence &,const ReadHandler &)' being compiled
                 with
                 [
                     Handler=TinyRPC::TinyCommAsio::accepting_thread_func::<lambda_3ac48bf0c1e38ca4cc190b6e92fed138>,
                     Protocol=boost::asio::ip::tcp,
                     MutableBufferSequence=boost::asio::mutable_buffers_1,
                     ReadHandler=TinyRPC::TinyCommAsio::accepting_thread_func::<lambda_3ac48bf0c1e38ca4cc190b6e92fed138>
                 ]
                 d:\v-zeshan\tinyrpc\tinyrpc\commasio.h(174) : see reference to function template instantiation 'boost::asio::async_result<Handler>::type boost::asio::basic_stream_socket<Protocol>::async_read_some<boost::asio::mutable_buffers_1,TinyRPC::TinyCommAsio::accepting_thread_func::<lambda_3ac48bf0c1e38ca4cc190b6e92fed138>>(const MutableBufferSequence &,const ReadHandler &)' being compiled
                 with
                 [
                     Handler=TinyRPC::TinyCommAsio::accepting_thread_func::<lambda_3ac48bf0c1e38ca4cc190b6e92fed138>,
                     Protocol=boost::asio::ip::tcp,
                     MutableBufferSequence=boost::asio::mutable_buffers_1,
                     ReadHandler=TinyRPC::TinyCommAsio::accepting_thread_func::<lambda_3ac48bf0c1e38ca4cc190b6e92fed138>
                 ]
     1>d:\chhong\boost\boost\asio\basic_stream_socket.hpp(842): error C2064: term does not evaluate to a function taking 2 arguments
                 class does not define an 'operator()' or a user defined conversion operator to a pointer-to-function or reference-to-function that takes appropriate number of arguments
     1>d:\v-zeshan\tinyrpc\tinyrpc\streambuffer.h(121): error C2664: 'void TinyRPC::StreamBuffer::read(char *,size_t)' : cannot convert parameter 1 from 'size_t *' to 'char *'
                 Types pointed to are unrelated; conversion requires reinterpret_cast, C-style cast or function-style cast
                 d:\v-zeshan\tinyrpc\tinyrpc\commasio.h(202) : see reference to function template instantiation 'void TinyRPC::StreamBuffer::read<size_t>(T &)' being compiled
                 with
                 [
                     T=size_t
                 ]
     1>Done Building Project "D:\v-zeshan\tinyrpc\TinyRPC\TinyRPC.vcxproj" (Build target(s)) -- FAILED.

Build FAILED.

Time Elapsed 00:00:03.49
